<?xml version="1.0" encoding="UTF-8"?>
<!-- Generated by org.testng.reporters.JUnitReportReporter -->
<testsuite skipped="0" hostname="WPDev-Laptop-Shraboni" name="Wp.EasyJobsProject.Test.EmpReg" tests="2" failures="0" timestamp="2020-12-30T14:52:53 BDT" time="103.132" errors="0">
  <testcase name="test" time="41.456" classname="Wp.EasyJobsProject.Test.EmpReg"/>
  <system-out/>
  <testcase name="checkLoginPageTitle" time="61.676" classname="Wp.EasyJobsProject.Test.EmpReg"/>
  <system-out/>
</testsuite> <!-- Wp.EasyJobsProject.Test.EmpReg -->
