<?xml version="1.0" encoding="UTF-8"?>
<!-- Generated by org.testng.reporters.JUnitReportReporter -->
<testsuite skipped="0" hostname="WPDev-Laptop-Shraboni" name="Wp.EasyJobsProject.Test.CandidateLogin" tests="2" failures="0" timestamp="2020-12-30T06:32:37 BDT" time="30.905" errors="0">
  <testcase name="logintest" time="9.251" classname="Wp.EasyJobsProject.Test.CandidateLogin"/>
  <system-out/>
  <testcase name="checkLoginPageTitle" time="21.654" classname="Wp.EasyJobsProject.Test.CandidateLogin"/>
  <system-out/>
</testsuite> <!-- Wp.EasyJobsProject.Test.CandidateLogin -->
