<?xml version="1.0" encoding="UTF-8"?>
<!-- Generated by org.testng.reporters.JUnitReportReporter -->
<testsuite skipped="0" hostname="WPDev-Laptop-Shraboni" name="Wp.EasyJobsProject.Test.Evaluation" tests="2" failures="0" timestamp="2021-01-06T21:16:44 BDT" time="38.223" errors="0">
  <testcase name="evaluationtest" time="3.002" classname="Wp.EasyJobsProject.Test.Evaluation"/>
  <system-out/>
  <testcase name="quiestionset" time="35.221" classname="Wp.EasyJobsProject.Test.Evaluation"/>
  <system-out/>
</testsuite> <!-- Wp.EasyJobsProject.Test.Evaluation -->
