<?xml version="1.0" encoding="UTF-8"?>
<!-- Generated by org.testng.reporters.JUnitReportReporter -->
<testsuite skipped="0" hostname="WPDev-Laptop-Shraboni" name="Wp.EasyJobsProject.Test.Settings" tests="4" failures="0" timestamp="2021-01-06T21:16:44 BDT" time="35.937" errors="0">
  <testcase name="manageuser" time="18.666" classname="Wp.EasyJobsProject.Test.Settings"/>
  <system-out/>
  <testcase name="setting" time="3.702" classname="Wp.EasyJobsProject.Test.Settings"/>
  <system-out/>
  <testcase name="pipelinesetup" time="4.496" classname="Wp.EasyJobsProject.Test.Settings"/>
  <system-out/>
  <testcase name="companySettings" time="9.073" classname="Wp.EasyJobsProject.Test.Settings"/>
  <system-out/>
</testsuite> <!-- Wp.EasyJobsProject.Test.Settings -->
