<?xml version="1.0" encoding="UTF-8"?>
<!-- Generated by org.testng.reporters.JUnitReportReporter -->
<testsuite skipped="0" hostname="WPDev-Laptop-Shraboni" name="Wp.EasyJobsProject.Test.EmpLogin" tests="2" failures="0" timestamp="2021-01-06T21:16:44 BDT" time="35.165" errors="0">
  <testcase name="checkLoginPageTitle" time="22.877" classname="Wp.EasyJobsProject.Test.EmpLogin"/>
  <system-out/>
  <testcase name="elogintest" time="12.288" classname="Wp.EasyJobsProject.Test.EmpLogin"/>
  <system-out/>
</testsuite> <!-- Wp.EasyJobsProject.Test.EmpLogin -->
