<?xml version="1.0" encoding="UTF-8"?>
<!-- Generated by org.testng.reporters.JUnitReportReporter -->
<testsuite skipped="0" hostname="WPDEV-SUZON" name="Wp.EasyJobsProject.Test.CandidateReg" tests="2" failures="0" timestamp="2020-09-08T12:20:28 BDT" time="38.133" errors="0">
  <testcase name="CandidateRegtest" time="21.669" classname="Wp.EasyJobsProject.Test.CandidateReg"/>
  <system-out/>
  <testcase name="checkRegPageTitle" time="16.464" classname="Wp.EasyJobsProject.Test.CandidateReg"/>
  <system-out/>
</testsuite> <!-- Wp.EasyJobsProject.Test.CandidateReg -->
